<?xml version="1.0" encoding="UTF-8"?>
<!-- Generated by org.testng.reporters.JUnitReportReporter -->
<testsuite hostname="DESKTOP-OCOSKBL" failures="0" tests="1" name="runner.Runner" time="17.996" errors="0" timestamp="2024-10-27T20:35:17 AFT" skipped="0">
  <testcase classname="runner.Runner" name="runScenario" time="17.996"/>
</testsuite> <!-- runner.Runner -->
