<?xml version="1.0" encoding="UTF-8"?>
<!-- Generated by org.testng.reporters.JUnitReportReporter -->
<testsuite hostname="DESKTOP-OCOSKBL" failures="0" tests="2" name="tests.loginTest" time="35.219" errors="0" timestamp="2024-10-27T20:07:48 AFT" skipped="0">
  <testcase classname="tests.loginTest" name="login" time="19.915"/>
  <testcase classname="tests.loginTest" name="login" time="15.304"/>
</testsuite> <!-- tests.loginTest -->
